round	epoch	loss	probs	lr
0	0	0.926801902796938	0.8620662536336968	0.001
0	1	0.878980379416535	0.8851223879836384	0.001
0	2	0.8527164524598031	0.8957017480503504	0.001
0	3	0.8345149741194409	0.9040409297600311	0.001
0	0	1.0077279548262068	0.8192624057512827	0.001
0	1	0.9444646280200988	0.8493900122265742	0.001
0	2	0.9056106272036135	0.8679571694763625	0.001
0	3	0.8769347651866434	0.8810776671674585	0.001
0	0	1.0384376360962428	0.8069640095369803	0.001
0	1	0.9672694440950383	0.8410064884572449	0.001
0	2	0.9349712962107749	0.856880999908546	0.001
0	3	0.9070281699068188	0.8682863466403027	0.001
0	0	1.0330842909417621	0.8174443447219275	0.001
0	1	0.9744637548305828	0.8410528899011217	0.001
0	2	0.9471869521190466	0.8528118345609806	0.001
0	3	0.9446518125466115	0.8542508308828803	0.001
0	0	1.0256716917833515	0.815048662723655	0.001
0	1	0.9586537736685165	0.8488108113871338	0.001
0	2	0.919779238923226	0.86601219402179	0.001
0	3	0.8951040187493507	0.8747478732211911	0.001
1	0	0.8621435915867899	0.8961051186749355	0.001
1	1	0.8457192316882969	0.8984190429430552	0.001
1	2	0.8329995189100143	0.9032757068648034	0.001
1	3	0.8234568491500894	0.9075527695716972	0.001
1	0	0.8693641899780906	0.8864932614595779	0.001
1	1	0.8534958323975301	0.8909889736787026	0.001
1	2	0.8422613771880023	0.8958569108307465	0.001
1	3	0.8257403098085384	0.9026022426822643	0.001
1	0	0.850889386908378	0.8890588538325512	0.001
1	1	0.8361811766043846	0.8995867326778452	0.001
1	2	0.8296702844903053	0.9026339426250656	0.001
1	3	0.8239769250000079	0.9057911534074674	0.001
1	0	0.8984819533293729	0.8722685813286144	0.001
1	1	0.8880616622576442	0.8794183185217912	0.001
1	2	0.8589459725612186	0.8924030821661052	0.001
1	3	0.8362481142418372	0.901959854086446	0.001
1	0	0.8516464159278672	0.8972176243912988	0.001
1	1	0.8450694660139825	0.8981917793114569	0.001
1	2	0.8335143886699578	0.9011401255101944	0.001
1	3	0.8238351083326834	0.9057958499755266	0.001
2	0	0.8250814461646302	0.9118319820863595	0.001
2	1	0.7917403439011599	0.9263301232318186	0.001
2	2	0.7574271485080785	0.93898739067384	0.001
2	3	0.7450265921073257	0.945104757237002	0.001
2	0	0.8198240146118124	0.9140123694054203	0.001
2	1	0.7773238639757423	0.9295491342254253	0.001
2	2	0.7506153197486166	0.9397053625402467	0.001
2	3	0.7335160851015328	0.9466998958911921	0.001
2	0	0.757557691687747	0.9323943698962118	0.001
2	1	0.7626234504534173	0.9338831137190211	0.001
2	2	0.7538732515715565	0.938683410022337	0.001
2	3	0.7457116234642236	0.9421988742648011	0.001
2	0	0.9318934935362228	0.866620153651954	0.001
2	1	0.8673480593169909	0.8897931827473516	0.001
2	2	0.8332433891008143	0.9042510932282463	0.001
2	3	0.8109933268375348	0.9135916577796862	0.001
2	0	0.7968779369957089	0.9191703322329052	0.001
2	1	0.7823080358727609	0.9266719895323323	0.001
2	2	0.7687432238886805	0.9319154713849741	0.001
2	3	0.7547425660135832	0.9379181564626299	0.001
3	0	0.7598581366588415	0.9352909130444799	0.001
3	1	0.7553616822383564	0.9376121809599931	0.001
3	2	0.7630501998932662	0.9347811666589121	0.001
3	3	0.7561500855369271	0.9378333601695268	0.001
3	0	0.7885241947025833	0.936779623822227	0.001
3	1	0.7510261930949947	0.9452929453528607	0.001
3	2	0.7370339793656568	0.9487534017657575	0.001
3	3	0.7254421673136054	0.9530932925680141	0.001
3	0	0.7427560347349532	0.9422020289873212	0.001
3	1	0.7256710791834895	0.9496532837652789	0.001
3	2	0.7228492063973646	0.9510923351751502	0.001
3	3	0.718207200805758	0.9528851750369517	0.001
3	0	0.7193862054632117	0.9521878417291789	0.001
3	1	0.7122502496823128	0.9538947633356628	0.001
3	2	0.7044729548208866	0.9580463715579638	0.001
3	3	0.6982896089399416	0.9601636945892492	0.001
3	0	0.7729794173043009	0.9358599097926382	0.001
3	1	0.7653277261578357	0.9357015989296177	0.001
3	2	0.7539091435532908	0.9403084721384065	0.001
3	3	0.7441517422699557	0.9434003434650639	0.001
4	0	0.7394397095077396	0.9424882162111411	0.001
4	1	0.7368690039518584	0.9440369592892691	0.001
4	2	0.7375790996666811	0.9441685758415281	0.001
4	3	0.7384460095142453	0.9445473767932833	0.001
4	0	0.7315566261815284	0.9456245208960123	0.001
4	1	0.7280507798021939	0.9471377579041713	0.001
4	2	0.7239242598594573	0.9501660729731097	0.001
4	3	0.7151312724605126	0.9534306443957468	0.001
4	0	0.7462218391462929	0.9451408165415334	0.001
4	1	0.7209357571416568	0.9562615590855248	0.001
4	2	0.706589154628892	0.9603849263903597	0.001
4	3	0.6989844908522819	0.9634508102977831	0.001
4	0	0.7025806372647458	0.9651105513535633	0.001
4	1	0.6975975272877847	0.965422160035588	0.001
4	2	0.690940384831865	0.9680671554978854	0.001
4	3	0.6875619025891309	0.9692710411054483	0.001
4	0	0.7428266856954505	0.942828878065465	0.001
4	1	0.7345616315621786	0.9473897576177676	0.001
4	2	0.727193869663232	0.9497136081438609	0.001
4	3	0.7242787594622281	0.9509715000891314	0.001
5	0	0.7578734622718138	0.9387197556273307	0.001
5	1	0.7373710146530922	0.9479405276979189	0.001
5	2	0.7303625505822928	0.9504309476245458	0.001
5	3	0.7247330056879805	0.9522395464808829	0.001
5	0	0.7080719554362519	0.959423658915752	0.001
5	1	0.6979381655164333	0.962584779284161	0.001
5	2	0.6979408588434131	0.9629937872573707	0.001
5	3	0.6934247183676211	0.964700309646562	0.001
5	0	0.7332535911100516	0.9496145379666837	0.001
5	1	0.730462205842369	0.9498328074735681	0.001
5	2	0.7252972971178295	0.9511138337160845	0.001
5	3	0.7190307876761095	0.9540832490887049	0.001
5	0	0.7189261700205235	0.9509056139486441	0.001
5	1	0.7170529150901063	0.9540087985251234	0.001
5	2	0.7211439285253614	0.9516825622948134	0.001
5	3	0.7108102471717281	0.9557388027637733	0.001
5	0	0.7207622398366582	0.9507827930191021	0.001
5	1	0.7181801524186999	0.9521033476671407	0.001
5	2	0.7220836797526463	0.9506072408691795	0.001
5	3	0.718709196914663	0.9520968051694836	0.001
6	0	0.6830205370725128	0.969161572542833	0.001
6	1	0.6797671988220413	0.9698029116490962	0.001
6	2	0.6763763502883582	0.9708321133631704	0.001
6	3	0.6763689236937409	0.9714010178347944	0.001
6	0	0.7409076446696267	0.9459373021372859	0.001
6	1	0.7298290536502482	0.9527540231615769	0.001
6	2	0.7215563820639629	0.9560141724523074	0.001
6	3	0.710780965386277	0.9595065521838751	0.001
6	0	0.6890961046045926	0.9656985346517415	0.001
6	1	0.6899987063877323	0.9643154243113463	0.001
6	2	0.688899055046121	0.9661556143628912	0.001
6	3	0.6879539384743093	0.9660643498977849	0.001
6	0	0.753666899364847	0.9392883953652851	0.001
6	1	0.7485695660423121	0.9410751602501449	0.001
6	2	0.7441910900600216	0.9424426409452896	0.001
6	3	0.7363022849967442	0.9459728744131913	0.001
6	0	0.6921603613258026	0.9668452480296397	0.001
6	1	0.697497089060477	0.963390286336291	0.001
6	2	0.6895465749430121	0.9664686346918808	0.001
6	3	0.6877115051131792	0.9672117541722683	0.001
7	0	0.684778957478123	0.9662458013376424	0.001
7	1	0.6799762412674069	0.9683957397937775	0.001
7	2	0.6802303420447315	0.9681718567698319	0.001
7	3	0.6764897855452305	0.9703014570196675	0.001
7	0	0.6848064735145767	0.9690031651697011	0.001
7	1	0.6788149178028107	0.9708569168735662	0.001
7	2	0.6792432488761005	0.9704954009084915	0.001
7	3	0.6806504995094063	0.9701685519802138	0.001
7	0	0.7367025400690465	0.9417073884158554	0.001
7	1	0.719908536098164	0.9516322422058471	0.001
7	2	0.7112269787590738	0.9561461969978451	0.001
7	3	0.7058293378569301	0.9578963749380927	0.001
7	0	0.7034735299762667	0.9616501255665418	0.001
7	1	0.6943311294434602	0.964761121208186	0.001
7	2	0.6876947199330634	0.9670292281630949	0.001
7	3	0.6839961326956131	0.9681093108700347	0.001
7	0	0.716072580666122	0.9540064359575974	0.001
7	1	0.6979882142704386	0.9633523612596828	0.001
7	2	0.6895009477933248	0.9657063489853821	0.001
7	3	0.6850193091933592	0.9678285964644017	0.001
8	0	0.7670255133525078	0.9335845080373201	0.001
8	1	0.7598745518706623	0.9359786904228784	0.001
8	2	0.7481251862382642	0.9402446659838392	0.001
8	3	0.7410398565734606	0.9435082967031188	0.001
8	0	0.734565342028524	0.9457107019547971	0.001
8	1	0.7302120709357484	0.9473849965809541	0.001
8	2	0.7256177661744219	0.9494412365869743	0.001
8	3	0.7238119305569891	0.9505650589889195	0.001
8	0	0.7658305603605478	0.9401338548240267	0.001
8	1	0.7236014796044542	0.954702532507595	0.001
8	2	0.7085173614902199	0.9612539850677233	0.001
8	3	0.7030944950840016	0.9619174281164155	0.001
8	0	0.7104050442962448	0.9565166221072636	0.001
8	1	0.6968090016916009	0.9630247813123496	0.001
8	2	0.6948489467508846	0.9641800781708719	0.001
8	3	0.6911331593527077	0.9653129790345004	0.001
8	0	0.6949948177436472	0.9642669461242893	0.001
8	1	0.6820697636184297	0.9693936762723281	0.001
8	2	0.6711896504556989	0.9731293659341974	0.001
8	3	0.671663082557021	0.9736087577793883	0.001
9	0	0.754674417984918	0.9403410292968849	0.001
9	1	0.7352808497730314	0.9477159787027329	0.001
9	2	0.7273823115492114	0.9507734644804182	0.001
9	3	0.7159288134908429	0.9545989404842643	0.001
9	0	0.7272499651488863	0.9513590196871387	0.001
9	1	0.7198436908771337	0.9530026392306689	0.001
9	2	0.7130783717043453	0.9546719787446123	0.001
9	3	0.7085248508292776	0.9573749541232623	0.001
9	0	0.8563989360715442	0.8993221351519768	0.001
9	1	0.8096491521504259	0.9200059605540389	0.001
9	2	0.7775036005982051	0.9331250042495333	0.001
9	3	0.756364606359462	0.9408859902018093	0.001
9	0	0.7416742227855742	0.940503092473035	0.001
9	1	0.7297531996366273	0.9472623543109301	0.001
9	2	0.7216170951080652	0.950834366015202	0.001
9	3	0.7138337395660618	0.9539856299989582	0.001
9	0	0.7062498432984624	0.9573991576624657	0.001
9	1	0.7009932862044616	0.9609474239417308	0.001
9	2	0.692614371912467	0.9646201917132772	0.001
9	3	0.6879205790980493	0.9662291493672164	0.001
10	0	0.7055747715920364	0.9651011702619068	0.001
10	1	0.7012602807326638	0.9622663437084831	0.001
10	2	0.6987803700880272	0.9636082893208519	0.001
10	3	0.6957493476145008	0.9648608513987126	0.001
10	0	0.6763236948863213	0.9691886878693042	0.001
10	1	0.6702283353694363	0.972002764053913	0.001
10	2	0.6687787839168094	0.9723405636242223	0.001
10	3	0.6669410630828976	0.9738936822649111	0.001
10	0	0.7264119778890066	0.9518862942648675	0.001
10	1	0.716019871475783	0.9570135531339004	0.001
10	2	0.7075323217479265	0.960673451423645	0.001
10	3	0.7022413334235008	0.9612601861898146	0.001
10	0	0.6614499502849085	0.9758728418325513	0.001
10	1	0.6608479527920639	0.9769115611679196	0.001
10	2	0.6617201579049461	0.9764554518080334	0.001
10	3	0.6594115972827753	0.9777694356101783	0.001
10	0	0.7076776015326149	0.9610579707153103	0.001
10	1	0.7059695030432291	0.9595696072195478	0.001
10	2	0.6993066919694086	0.961766148426784	0.001
10	3	0.6969785820017207	0.962897561760764	0.001
11	0	0.7364841165320243	0.9607109760991033	0.001
11	1	0.7757814911054206	0.9337496296575032	0.001
11	2	0.7570431563932455	0.9410674603903644	0.001
11	3	0.7484842361255013	0.9439899669718866	0.001
11	0	0.6983135172740166	0.9608139204237746	0.001
11	1	0.695908568220435	0.9614700092089609	0.001
11	2	0.6965059104772842	0.9626437809594967	0.001
11	3	0.695839351863441	0.9624441754401039	0.001
11	0	0.6708199313885189	0.9707017826601632	0.001
11	1	0.6796030059379617	0.968414383771506	0.001
11	2	0.675513696691121	0.9709198199508515	0.001
11	3	0.6755755833239135	0.9719649458719041	0.001
11	0	0.6783269538780569	0.9783116693323758	0.001
11	1	0.6806874710661142	0.9736820057883782	0.001
11	2	0.6807969741664814	0.9716090588783765	0.001
11	3	0.6850731614494571	0.9689315751272162	0.001
11	0	0.7205861837752743	0.9565723674284979	0.001
11	1	0.6974543651150916	0.9637179672718048	0.001
11	2	0.6925428498388366	0.9654735995903739	0.001
11	3	0.6848548693206026	0.9680261026701161	0.001
12	0	0.7259741919645991	0.9500541049272903	0.001
12	1	0.7136748098029991	0.9560476967707817	0.001
12	2	0.70369222497693	0.9592931275746571	0.001
12	3	0.7000795411322401	0.961465979409959	0.001
12	0	0.67319458692185	0.9726607070685668	0.001
12	1	0.6808055660885233	0.9686539278129221	0.001
12	2	0.6786797836242768	0.9703615850323428	0.001
12	3	0.6751343928316097	0.972547248005867	0.001
12	0	0.707506537437439	0.9559575538561134	0.001
12	1	0.6977982148914139	0.9607705196722801	0.001
12	2	0.6928999917083042	0.962763436254442	0.001
12	3	0.6882582194910148	0.9649282495438126	0.001
12	0	0.6978727545145262	0.9598725712978778	0.001
12	1	0.711591514589873	0.9552375952968943	0.001
12	2	0.7086049356402923	0.9566984048985034	0.001
12	3	0.7031779725471309	0.9589553309768593	0.001
12	0	0.690432107201512	0.9630145824326135	0.001
12	1	0.688883300889959	0.96423082107707	0.001
12	2	0.68735948199847	0.9649645641368906	0.001
12	3	0.6879706763387344	0.9652957719379138	0.001
